<?xml version="1.0" encoding="UTF-8"?>
<!-- Generated by org.testng.reporters.JUnitReportReporter -->
<testsuite skipped="0" hostname="Arpitha" name="com.selencon.saucetest.homepage.SeleniumMethods" tests="2" failures="0" timestamp="11 Sep 2017 01:01:00 GMT" time="62.280" errors="0">
  <testcase name="test" time="33.499" classname="com.selencon.saucetest.homepage.SeleniumMethods"/>
  <testcase name="test" time="28.781" classname="com.selencon.saucetest.homepage.SeleniumMethods"/>
</testsuite> <!-- com.selencon.saucetest.homepage.SeleniumMethods -->
