<?xml version="1.0" encoding="UTF-8"?>
<!-- Generated by org.testng.reporters.JUnitReportReporter -->
<testsuite skipped="0" hostname="Arpitha" name="com.selencon.saucetest.homepage.CheckBox" tests="2" failures="0" timestamp="20 Sep 2017 01:31:23 GMT" time="58.648" errors="0">
  <testcase name="checkBox" time="26.085" classname="com.selencon.saucetest.homepage.CheckBox"/>
  <testcase name="checkBox" time="32.563" classname="com.selencon.saucetest.homepage.CheckBox"/>
</testsuite> <!-- com.selencon.saucetest.homepage.CheckBox -->
