<?xml version="1.0" encoding="UTF-8"?>
<!-- Generated by org.testng.reporters.JUnitReportReporter -->
<testsuite skipped="0" hostname="Arpitha" name="com.selencon.saucetest.homepage.RadioButtonX" tests="2" failures="0" timestamp="11 Sep 2017 01:27:58 GMT" time="54.737" errors="0">
  <testcase name="radioBtn" time="23.949" classname="com.selencon.saucetest.homepage.RadioButtonX"/>
  <testcase name="radioBtn" time="30.788" classname="com.selencon.saucetest.homepage.RadioButtonX"/>
</testsuite> <!-- com.selencon.saucetest.homepage.RadioButtonX -->
