<?xml version="1.0" encoding="UTF-8"?>
<!-- Generated by org.testng.reporters.JUnitReportReporter -->
<testsuite skipped="0" hostname="Arpitha" name="com.selencon.saucetest.homepage.AllLinks" tests="2" failures="0" timestamp="20 Sep 2017 01:16:05 GMT" time="112.893" errors="0">
  <testcase name="allLinks" time="47.605" classname="com.selencon.saucetest.homepage.AllLinks"/>
  <testcase name="allLinks" time="65.288" classname="com.selencon.saucetest.homepage.AllLinks"/>
</testsuite> <!-- com.selencon.saucetest.homepage.AllLinks -->
